<?xml version="1.0" encoding="UTF-8"?>
<halalInfos>
    <halalInfo>
    	<halalId>135170011252</halalId>
    	<product>สบู่ดิน อันนาดา(ANADA LIQUID SOAP)</product>
    	<validFrom>03 ธันวาคม 2554</validFrom>
    	<validTo>02 ธันวาคม 2555</validTo>
    	<otherInfo>สบู่ดิน "อันนาดา" ใช้ชำระนญิส หรือสิ่งสกปรก จำหน่ายโดย บริษัท ฮาลคิว จำกัด, ศูนย์ผู้บริโภค 085-047-5480, www.halkew.com</otherInfo>    
    </halalInfo>
    <halalInfo>
    	<halalId>135170021252</halalId>
    	<product>สบู่ดิน ฮาล-คลีน (HAL-KLEAN LIQUID SOAP)</product>
    	<validFrom>03 ธันวาคม 2554</validFrom>
    	<validTo>02 ธันวาคม 2555</validTo>
    	<otherInfo>สบู่ดิน "ฮาล-คลีน" ใช้ชำระนญิส หรือสิ่งสกปรก จำหน่ายโดย บริษัท ฮาลคิว จำกัด, ศูนย์ผู้บริโภค 085-047-5480, www.halkew.com</otherInfo>    
    </halalInfo>
    <halalInfo>
    	<halalId>844154351055</halalId>
    	<product>มันฝรั่งทอดกรอบเมย์ รสหมึกย่างบาร์บีคิว บริษัทสหพัช จำกัด</product>
    	<validFrom>ตุลาคม 2555</validFrom>
    	<validTo>ตุลาคม 2558</validTo>
    	<otherInfo>-</otherInfo>    
    </halalInfo>
    <halalInfo>
    	<halalId>850124003850</halalId>
    	<product>ซอสปรุงรสภูเขากอง</product>
    	<validFrom>ตุลาคม 2555</validFrom>
    	<validTo>ตุลาคม 2558</validTo>
    	<otherInfo>www.abc.com</otherInfo>    
    </halalInfo>
    <halalInfo>
    	<halalId>632260020742</halalId>
    	<product>ซอสหอยนางรมตราสองแม่ครัว</product>
    	<validFrom>ตุลาคม 2555</validFrom>
    	<validTo>ตุลาคม 2558</validTo>
    	<otherInfo>02-4244-5678</otherInfo>    
    </halalInfo>
    <halalInfo>
    	<halalId>841206929055</halalId>
    	<product>น้ำดื่มคิดตั้ง</product>
    	<validFrom>ตุลาคม 2555</validFrom>
    	<validTo>ตุลาคม 2558</validTo>
    	<otherInfo>คิดจะดื่มน้ำดื่ม คิดตั้ง</otherInfo>    
    </halalInfo>
</halalInfos>